[0.042s] Invoking command in '/home/yurs/ros2_ws/build/cpp_pubsub': CMAKE_PREFIX_PATH=${CMAKE_PREFIX_PATH}:/opt/ros/humble /usr/bin/cmake --build /home/yurs/ros2_ws/build/cpp_pubsub -- -j8 -l8
[0.060s] -- Found ament_cmake: 1.3.7 (/opt/ros/humble/share/ament_cmake/cmake)
[0.102s] -- Found Python3: /usr/bin/python3.10 (found version "3.10.12") found components: Interpreter 
[0.146s] -- Found rclcpp: 16.0.8 (/opt/ros/humble/share/rclcpp/cmake)
[0.164s] -- Found rosidl_generator_c: 3.1.5 (/opt/ros/humble/share/rosidl_generator_c/cmake)
[0.166s] -- Found rosidl_adapter: 3.1.5 (/opt/ros/humble/share/rosidl_adapter/cmake)
[0.169s] -- Found rosidl_generator_cpp: 3.1.5 (/opt/ros/humble/share/rosidl_generator_cpp/cmake)
[0.176s] -- Using all available rosidl_typesupport_c: rosidl_typesupport_fastrtps_c;rosidl_typesupport_introspection_c
[0.185s] -- Using all available rosidl_typesupport_cpp: rosidl_typesupport_fastrtps_cpp;rosidl_typesupport_introspection_cpp
[0.220s] -- Found rmw_implementation_cmake: 6.1.1 (/opt/ros/humble/share/rmw_implementation_cmake/cmake)
[0.221s] -- Found rmw_fastrtps_cpp: 6.2.6 (/opt/ros/humble/share/rmw_fastrtps_cpp/cmake)
[0.317s] -- Using RMW implementation 'rmw_fastrtps_cpp' as default
[0.414s] -- pinocchio FOUND. pinocchio at /opt/ros/humble/lib/x86_64-linux-gnu/libpinocchio.so
[0.414s] -- boost_filesystem FOUND. boost_filesystem at /lib/x86_64-linux-gnu/libboost_filesystem.so
[0.414s] -- boost_serialization FOUND. boost_serialization at /lib/x86_64-linux-gnu/libboost_serialization.so
[0.414s] -- boost_system FOUND. boost_system at /lib/x86_64-linux-gnu/libboost_system.so
[0.419s] -- Found Boost: /usr/include (found version "1.74.0") found components: filesystem serialization system 
[0.420s] -- eigenpy FOUND. eigenpy at /opt/ros/humble/lib/x86_64-linux-gnu/libeigenpy.so
[0.600s] -- Found Python3: /usr/bin/python3.10 (found version "3.10.12") found components: Interpreter Development.Module NumPy 
[0.600s] -- PythonLibraryDirs: 
[0.600s] -- PythonLibVersionString: 3.10.12
[0.616s] -- Python site lib: lib/python3.10/dist-packages
[0.616s] -- Python include dirs: /usr/include/python3.10
[0.636s] -- Checking for NumPy
[0.702s] --   NUMPY_INCLUDE_DIRS=/usr/lib/python3/dist-packages/numpy/core/include
[0.770s] --   NUMPY_VERSION=1.21.5
[0.770s] -- NumPy include dir: /usr/lib/python3/dist-packages/numpy/core/include
[0.773s] [33mCMake Warning at /usr/share/cmake-3.22/Modules/FindBoost.cmake:2201 (message):
[0.773s]   No header defined for python310; skipping header check (note: header-only
[0.773s]   libraries have no designated component)
[0.773s] Call Stack (most recent call first):
[0.773s]   /opt/ros/humble/lib/x86_64-linux-gnu/cmake/eigenpy/boost.cmake:144 (find_package)
[0.773s]   /opt/ros/humble/lib/x86_64-linux-gnu/cmake/eigenpy/eigenpyConfig.cmake:149 (SEARCH_FOR_BOOST_PYTHON)
[0.773s]   /usr/share/cmake-3.22/Modules/CMakeFindDependencyMacro.cmake:47 (find_package)
[0.773s]   /opt/ros/humble/lib/x86_64-linux-gnu/cmake/pinocchio/pinocchioConfig.cmake:160 (find_dependency)
[0.773s]   CMakeLists.txt:12 (find_package)
[0.773s] 
[0.773s] [0m
[0.773s] -- Found Boost: /usr/include (found version "1.74.0") found components: python310 
[0.773s] -- Boost_PYTHON_LIBRARY: /usr/lib/x86_64-linux-gnu/libboost_python310.so
[0.975s] -- Default C++ standard: 201703
[0.975s] -- C++ standard sufficient: Minimal required 11, currently defined: 17
[0.975s] -- CMAKE_CXX_STANDARD was not set: automatically set to currently defined standard 17
[0.975s] -- hpp-fcl FOUND. hpp-fcl at /opt/ros/humble/lib/x86_64-linux-gnu/libhpp-fcl.so
[0.980s] -- Found Boost: /usr/include (found version "1.74.0") found components: chrono serialization 
[0.981s] -- C++ standard sufficient: Minimal required 11, currently defined: 17
[0.981s] -- C++ standard sufficient: Minimal required 11, currently defined: 17
[0.982s] -- Found ament_lint_auto: 0.12.10 (/opt/ros/humble/share/ament_lint_auto/cmake)
[1.028s] -- Added test 'cppcheck' to perform static code analysis on C / C++ code
[1.028s] -- Configured cppcheck include dirs: 
[1.028s] -- Configured cppcheck exclude dirs and/or files: 
[1.028s] -- Added test 'lint_cmake' to check CMake code style
[1.029s] -- Added test 'uncrustify' to check C / C++ code style
[1.029s] -- Configured uncrustify additional arguments: 
[1.030s] -- Added test 'xmllint' to check XML markup files
[1.030s] -- Configuring done
[1.043s] -- Generating done
[1.044s] -- Build files have been written to: /home/yurs/ros2_ws/build/cpp_pubsub
[1.063s] [35m[1mConsolidate compiler generated dependencies of target talker[0m
[1.063s] [35m[1mConsolidate compiler generated dependencies of target listener[0m
[1.077s] [ 75%] [32mBuilding CXX object CMakeFiles/talker.dir/src/publisher_member_function.cpp.o[0m
[1.077s] [ 75%] Built target listener
[1.122s] In file included from [01m[K/opt/ros/humble/include/pinocchio/fwd.hpp:23[m[K,
[1.122s]                  from [01m[K/home/yurs/ros2_ws/src/cpp_pubsub/src/publisher_member_function.cpp:14[m[K:
[1.122s] [01m[K/opt/ros/humble/include/pinocchio/utils/cast.hpp:8:10:[m[K [01;31m[Kfatal error: [m[KEigen/Core: No such file or directory
[1.122s]     8 | #include [01;31m[K<Eigen/Core>[m[K
[1.122s]       |          [01;31m[K^~~~~~~~~~~~[m[K
[1.122s] compilation terminated.
[1.123s] gmake[2]: *** [CMakeFiles/talker.dir/build.make:76: CMakeFiles/talker.dir/src/publisher_member_function.cpp.o] Error 1
[1.123s] gmake[1]: *** [CMakeFiles/Makefile2:139: CMakeFiles/talker.dir/all] Error 2
[1.123s] gmake: *** [Makefile:146: all] Error 2
[1.125s] Invoked command in '/home/yurs/ros2_ws/build/cpp_pubsub' returned '2': CMAKE_PREFIX_PATH=${CMAKE_PREFIX_PATH}:/opt/ros/humble /usr/bin/cmake --build /home/yurs/ros2_ws/build/cpp_pubsub -- -j8 -l8
