[0.000000] (-) TimerEvent: {}
[0.000640] (-) JobUnselected: {'identifier': 'my_package'}
[0.000713] (cpp_pubsub) JobQueued: {'identifier': 'cpp_pubsub', 'dependencies': OrderedDict()}
[0.000746] (cpp_pubsub) JobStarted: {'identifier': 'cpp_pubsub'}
[0.032364] (cpp_pubsub) JobProgress: {'identifier': 'cpp_pubsub', 'progress': 'cmake'}
[0.032819] (cpp_pubsub) JobProgress: {'identifier': 'cpp_pubsub', 'progress': 'build'}
[0.033356] (cpp_pubsub) Command: {'cmd': ['/usr/bin/cmake', '--build', '/home/yurs/ros2_ws/build/cpp_pubsub', '--', '-j8', '-l8'], 'cwd': '/home/yurs/ros2_ws/build/cpp_pubsub', 'env': OrderedDict([('HISTFILESIZE', '2000'), ('NV_CUDA_COMPAT_PACKAGE', 'cuda-compat-12-1'), ('USER', 'yurs'), ('HOSTNAME', 'caosmachina'), ('SHLVL', '1'), ('LD_LIBRARY_PATH', '/opt/ros/humble/lib/x86_64-linux-gnu:/opt/ros/humble/lib:/usr/local/nvidia/lib:/usr/local/nvidia/lib64'), ('HOME', '/home/yurs'), ('OLDPWD', '/home/yurs/ros2_ws/src'), ('ROS_PYTHON_VERSION', '3'), ('CUDA_VERSION', '12.1.1'), ('_colcon_cd_root', '/opt/ros/humble/'), ('COLCON_PREFIX_PATH', '/home/yurs/ros2_ws/install'), ('ROS_DISTRO', 'humble'), ('NVIDIA_REQUIRE_CUDA', 'cuda>=12.1 brand=tesla,driver>=450,driver<451 brand=tesla,driver>=470,driver<471     brand=unknown,driver>=470,driver<471 brand=nvidia,driver>=470,driver<471 brand=nvidiartx,driver>=470,     driver<471 brand=geforce,driver>=470,driver<471 brand=geforcertx,driver>=470,driver<471 brand=quadro,     driver>=470,driver<471 brand=quadrortx,driver>=470,driver<471 brand=titan,driver>=470,driver<471     brand=titanrtx,driver>=470,driver<471 brand=tesla,driver>=510,driver<511 brand=unknown,driver>=510,    driver<511 brand=nvidia,driver>=510,driver<511 brand=nvidiartx,driver>=510,driver<511 brand=geforce,     driver>=510,driver<511 brand=geforcertx,driver>=510,driver<511 brand=quadro,driver>=510,driver<511     brand=quadrortx,driver>=510,driver<511 brand=titan,driver>=510,driver<511 brand=titanrtx,driver>=510,    driver<511 brand=tesla,driver>=515,driver<516 brand=unknown,driver>=515,driver<516 brand=nvidia,driver>=515,    driver<516 brand=nvidiartx,driver>=515,driver<516 brand=geforce,driver>=515,driver<516 brand=geforcertx,    driver>=515,driver<516 brand=quadro,driver>=515,driver<516 brand=quadrortx,driver>=515,driver<516 brand=titan,    driver>=515,driver<516 brand=titanrtx,driver>=515,driver<516 brand=tesla,driver>=525,driver<526 brand=unknown,    driver>=525,driver<526 brand=nvidia,driver>=525,driver<526 brand=nvidiartx,driver>=525,driver<526 brand=geforce,    driver>=525,driver<526 brand=geforcertx,driver>=525,driver<526 brand=quadro,driver>=525,driver<526 brand=quadrortx,    driver>=525,driver<526 brand=titan,driver>=525,driver<526 brand=titanrtx,driver>=525,driver<526'), ('PULSE_SERVER', 'unix:/run/user/1001/pulse/native'), ('_', '/usr/bin/colcon'), ('ROS_VERSION', '2'), ('NVIDIA_DRIVER_CAPABILITIES', 'compute,graphics,utility'), ('TERM', 'xterm'), ('NV_CUDA_CUDART_VERSION', '12.1.105-1'), ('ROS_LOCALHOST_ONLY', '0'), ('QT_X11_NO_MITSHM', '1'), ('PATH', '/opt/ros/humble/bin:/usr/local/nvidia/bin:/usr/local/cuda/bin:/usr/local/sbin:/usr/local/bin:/usr/sbin:/usr/bin:/sbin:/bin'), ('NVARCH', 'x86_64'), ('DISPLAY', ':1'), ('LANG', 'C.UTF-8'), ('XAUTHORITY', '/tmp/.docker.xauth'), ('LS_COLORS', 'rs=0:di=01;34:ln=01;36:mh=00:pi=40;33:so=01;35:do=01;35:bd=40;33;01:cd=40;33;01:or=40;31;01:mi=00:su=37;41:sg=30;43:ca=30;41:tw=30;42:ow=34;42:st=37;44:ex=01;32:*.tar=01;31:*.tgz=01;31:*.arc=01;31:*.arj=01;31:*.taz=01;31:*.lha=01;31:*.lz4=01;31:*.lzh=01;31:*.lzma=01;31:*.tlz=01;31:*.txz=01;31:*.tzo=01;31:*.t7z=01;31:*.zip=01;31:*.z=01;31:*.dz=01;31:*.gz=01;31:*.lrz=01;31:*.lz=01;31:*.lzo=01;31:*.xz=01;31:*.zst=01;31:*.tzst=01;31:*.bz2=01;31:*.bz=01;31:*.tbz=01;31:*.tbz2=01;31:*.tz=01;31:*.deb=01;31:*.rpm=01;31:*.jar=01;31:*.war=01;31:*.ear=01;31:*.sar=01;31:*.rar=01;31:*.alz=01;31:*.ace=01;31:*.zoo=01;31:*.cpio=01;31:*.7z=01;31:*.rz=01;31:*.cab=01;31:*.wim=01;31:*.swm=01;31:*.dwm=01;31:*.esd=01;31:*.jpg=01;35:*.jpeg=01;35:*.mjpg=01;35:*.mjpeg=01;35:*.gif=01;35:*.bmp=01;35:*.pbm=01;35:*.pgm=01;35:*.ppm=01;35:*.tga=01;35:*.xbm=01;35:*.xpm=01;35:*.tif=01;35:*.tiff=01;35:*.png=01;35:*.svg=01;35:*.svgz=01;35:*.mng=01;35:*.pcx=01;35:*.mov=01;35:*.mpg=01;35:*.mpeg=01;35:*.m2v=01;35:*.mkv=01;35:*.webm=01;35:*.webp=01;35:*.ogm=01;35:*.mp4=01;35:*.m4v=01;35:*.mp4v=01;35:*.vob=01;35:*.qt=01;35:*.nuv=01;35:*.wmv=01;35:*.asf=01;35:*.rm=01;35:*.rmvb=01;35:*.flc=01;35:*.avi=01;35:*.fli=01;35:*.flv=01;35:*.gl=01;35:*.dl=01;35:*.xcf=01;35:*.xwd=01;35:*.yuv=01;35:*.cgm=01;35:*.emf=01;35:*.ogv=01;35:*.ogx=01;35:*.aac=00;36:*.au=00;36:*.flac=00;36:*.m4a=00;36:*.mid=00;36:*.midi=00;36:*.mka=00;36:*.mp3=00;36:*.mpc=00;36:*.ogg=00;36:*.ra=00;36:*.wav=00;36:*.oga=00;36:*.opus=00;36:*.spx=00;36:*.xspf=00;36:'), ('AMENT_PREFIX_PATH', '/home/yurs/ros2_ws/install/cpp_pubsub:/home/yurs/ros2_ws/install/my_package:/opt/ros/humble'), ('DEBIAN_FRONTEND', 'noninteractive'), ('PWD', '/home/yurs/ros2_ws/build/cpp_pubsub'), ('LC_ALL', 'C.UTF-8'), ('PYTHONPATH', '/opt/ros/humble/lib/python3.10/site-packages:/opt/ros/humble/local/lib/python3.10/dist-packages'), ('NVIDIA_VISIBLE_DEVICES', 'all'), ('HISTFILE', '/home/yurs/.bash_history'), ('COLCON', '1'), ('CMAKE_PREFIX_PATH', '/home/yurs/ros2_ws/install/cpp_pubsub:/home/yurs/ros2_ws/install/my_package:/opt/ros/humble')]), 'shell': False}
[0.051599] (cpp_pubsub) StdoutLine: {'line': b'-- Found ament_cmake: 1.3.7 (/opt/ros/humble/share/ament_cmake/cmake)\n'}
[0.093068] (cpp_pubsub) StdoutLine: {'line': b'-- Found Python3: /usr/bin/python3.10 (found version "3.10.12") found components: Interpreter \n'}
[0.099917] (-) TimerEvent: {}
[0.139919] (cpp_pubsub) StdoutLine: {'line': b'-- Found rclcpp: 16.0.8 (/opt/ros/humble/share/rclcpp/cmake)\n'}
[0.158711] (cpp_pubsub) StdoutLine: {'line': b'-- Found rosidl_generator_c: 3.1.5 (/opt/ros/humble/share/rosidl_generator_c/cmake)\n'}
[0.160348] (cpp_pubsub) StdoutLine: {'line': b'-- Found rosidl_adapter: 3.1.5 (/opt/ros/humble/share/rosidl_adapter/cmake)\n'}
[0.164005] (cpp_pubsub) StdoutLine: {'line': b'-- Found rosidl_generator_cpp: 3.1.5 (/opt/ros/humble/share/rosidl_generator_cpp/cmake)\n'}
[0.170557] (cpp_pubsub) StdoutLine: {'line': b'-- Using all available rosidl_typesupport_c: rosidl_typesupport_fastrtps_c;rosidl_typesupport_introspection_c\n'}
[0.181370] (cpp_pubsub) StdoutLine: {'line': b'-- Using all available rosidl_typesupport_cpp: rosidl_typesupport_fastrtps_cpp;rosidl_typesupport_introspection_cpp\n'}
[0.200080] (-) TimerEvent: {}
[0.215733] (cpp_pubsub) StdoutLine: {'line': b'-- Found rmw_implementation_cmake: 6.1.1 (/opt/ros/humble/share/rmw_implementation_cmake/cmake)\n'}
[0.216639] (cpp_pubsub) StdoutLine: {'line': b'-- Found rmw_fastrtps_cpp: 6.2.6 (/opt/ros/humble/share/rmw_fastrtps_cpp/cmake)\n'}
[0.300185] (-) TimerEvent: {}
[0.316688] (cpp_pubsub) StdoutLine: {'line': b"-- Using RMW implementation 'rmw_fastrtps_cpp' as default\n"}
[0.400301] (-) TimerEvent: {}
[0.417371] (cpp_pubsub) StdoutLine: {'line': b'-- pinocchio FOUND. pinocchio at /opt/ros/humble/lib/x86_64-linux-gnu/libpinocchio.so\n'}
[0.417578] (cpp_pubsub) StdoutLine: {'line': b'-- boost_filesystem FOUND. boost_filesystem at /lib/x86_64-linux-gnu/libboost_filesystem.so\n'}
[0.417671] (cpp_pubsub) StdoutLine: {'line': b'-- boost_serialization FOUND. boost_serialization at /lib/x86_64-linux-gnu/libboost_serialization.so\n'}
[0.417737] (cpp_pubsub) StdoutLine: {'line': b'-- boost_system FOUND. boost_system at /lib/x86_64-linux-gnu/libboost_system.so\n'}
[0.423214] (cpp_pubsub) StdoutLine: {'line': b'-- Found Boost: /usr/include (found version "1.74.0") found components: filesystem serialization system \n'}
[0.423837] (cpp_pubsub) StdoutLine: {'line': b'-- eigenpy FOUND. eigenpy at /opt/ros/humble/lib/x86_64-linux-gnu/libeigenpy.so\n'}
[0.500396] (-) TimerEvent: {}
[0.600714] (-) TimerEvent: {}
[0.612645] (cpp_pubsub) StdoutLine: {'line': b'-- Found Python3: /usr/bin/python3.10 (found version "3.10.12") found components: Interpreter Development.Module NumPy \n'}
[0.613040] (cpp_pubsub) StdoutLine: {'line': b'-- PythonLibraryDirs: \n'}
[0.613122] (cpp_pubsub) StdoutLine: {'line': b'-- PythonLibVersionString: 3.10.12\n'}
[0.629713] (cpp_pubsub) StdoutLine: {'line': b'-- Python site lib: lib/python3.10/dist-packages\n'}
[0.629879] (cpp_pubsub) StdoutLine: {'line': b'-- Python include dirs: /usr/include/python3.10\n'}
[0.650881] (cpp_pubsub) StdoutLine: {'line': b'-- Checking for NumPy\n'}
[0.700879] (-) TimerEvent: {}
[0.718810] (cpp_pubsub) StdoutLine: {'line': b'--   NUMPY_INCLUDE_DIRS=/usr/lib/python3/dist-packages/numpy/core/include\n'}
[0.787008] (cpp_pubsub) StdoutLine: {'line': b'--   NUMPY_VERSION=1.21.5\n'}
[0.787153] (cpp_pubsub) StdoutLine: {'line': b'-- NumPy include dir: /usr/lib/python3/dist-packages/numpy/core/include\n'}
[0.790186] (cpp_pubsub) StderrLine: {'line': b'\x1b[33mCMake Warning at /usr/share/cmake-3.22/Modules/FindBoost.cmake:2201 (message):\n'}
[0.790304] (cpp_pubsub) StderrLine: {'line': b'  No header defined for python310; skipping header check (note: header-only\n'}
[0.790349] (cpp_pubsub) StderrLine: {'line': b'  libraries have no designated component)\n'}
[0.790395] (cpp_pubsub) StderrLine: {'line': b'Call Stack (most recent call first):\n'}
[0.790433] (cpp_pubsub) StderrLine: {'line': b'  /opt/ros/humble/lib/x86_64-linux-gnu/cmake/eigenpy/boost.cmake:144 (find_package)\n'}
[0.790473] (cpp_pubsub) StderrLine: {'line': b'  /opt/ros/humble/lib/x86_64-linux-gnu/cmake/eigenpy/eigenpyConfig.cmake:149 (SEARCH_FOR_BOOST_PYTHON)\n'}
[0.790514] (cpp_pubsub) StderrLine: {'line': b'  /usr/share/cmake-3.22/Modules/CMakeFindDependencyMacro.cmake:47 (find_package)\n'}
[0.790554] (cpp_pubsub) StderrLine: {'line': b'  /opt/ros/humble/lib/x86_64-linux-gnu/cmake/pinocchio/pinocchioConfig.cmake:160 (find_dependency)\n'}
[0.790593] (cpp_pubsub) StderrLine: {'line': b'  CMakeLists.txt:12 (find_package)\n'}
[0.790632] (cpp_pubsub) StderrLine: {'line': b'\n'}
[0.790671] (cpp_pubsub) StderrLine: {'line': b'\x1b[0m\n'}
[0.790807] (cpp_pubsub) StdoutLine: {'line': b'-- Found Boost: /usr/include (found version "1.74.0") found components: python310 \n'}
[0.790882] (cpp_pubsub) StdoutLine: {'line': b'-- Boost_PYTHON_LIBRARY: /usr/lib/x86_64-linux-gnu/libboost_python310.so\n'}
[0.801068] (-) TimerEvent: {}
[0.901334] (-) TimerEvent: {}
[1.001592] (-) TimerEvent: {}
[1.002464] (cpp_pubsub) StdoutLine: {'line': b'-- Default C++ standard: 201703\n'}
[1.002622] (cpp_pubsub) StdoutLine: {'line': b'-- C++ standard sufficient: Minimal required 11, currently defined: 17\n'}
[1.002669] (cpp_pubsub) StdoutLine: {'line': b'-- CMAKE_CXX_STANDARD was not set: automatically set to currently defined standard 17\n'}
[1.003263] (cpp_pubsub) StdoutLine: {'line': b'-- hpp-fcl FOUND. hpp-fcl at /opt/ros/humble/lib/x86_64-linux-gnu/libhpp-fcl.so\n'}
[1.007620] (cpp_pubsub) StdoutLine: {'line': b'-- Found Boost: /usr/include (found version "1.74.0") found components: chrono serialization \n'}
[1.008807] (cpp_pubsub) StdoutLine: {'line': b'-- C++ standard sufficient: Minimal required 11, currently defined: 17\n'}
[1.009146] (cpp_pubsub) StdoutLine: {'line': b'-- C++ standard sufficient: Minimal required 11, currently defined: 17\n'}
[1.009602] (cpp_pubsub) StdoutLine: {'line': b'-- Found ament_lint_auto: 0.12.10 (/opt/ros/humble/share/ament_lint_auto/cmake)\n'}
[1.057293] (cpp_pubsub) StdoutLine: {'line': b"-- Added test 'cppcheck' to perform static code analysis on C / C++ code\n"}
[1.057555] (cpp_pubsub) StdoutLine: {'line': b'-- Configured cppcheck include dirs: \n'}
[1.057609] (cpp_pubsub) StdoutLine: {'line': b'-- Configured cppcheck exclude dirs and/or files: \n'}
[1.057690] (cpp_pubsub) StdoutLine: {'line': b"-- Added test 'lint_cmake' to check CMake code style\n"}
[1.058358] (cpp_pubsub) StdoutLine: {'line': b"-- Added test 'uncrustify' to check C / C++ code style\n"}
[1.058401] (cpp_pubsub) StdoutLine: {'line': b'-- Configured uncrustify additional arguments: \n'}
[1.058573] (cpp_pubsub) StdoutLine: {'line': b"-- Added test 'xmllint' to check XML markup files\n"}
[1.059096] (cpp_pubsub) StdoutLine: {'line': b'-- Configuring done\n'}
[1.067516] (cpp_pubsub) StdoutLine: {'line': b'-- Generating done\n'}
[1.068762] (cpp_pubsub) StdoutLine: {'line': b'-- Build files have been written to: /home/yurs/ros2_ws/build/cpp_pubsub\n'}
[1.087059] (cpp_pubsub) StdoutLine: {'line': b'\x1b[35m\x1b[1mConsolidate compiler generated dependencies of target listener\x1b[0m\n'}
[1.087201] (cpp_pubsub) StdoutLine: {'line': b'\x1b[35m\x1b[1mConsolidate compiler generated dependencies of target talker\x1b[0m\n'}
[1.101033] (cpp_pubsub) StdoutLine: {'line': b'[ 50%] Built target listener\n'}
[1.101657] (-) TimerEvent: {}
[1.102487] (cpp_pubsub) StdoutLine: {'line': b'[ 75%] \x1b[32mBuilding CXX object CMakeFiles/talker.dir/src/publisher_member_function.cpp.o\x1b[0m\n'}
[1.145604] (cpp_pubsub) StderrLine: {'line': b'In file included from \x1b[01m\x1b[K/opt/ros/humble/include/pinocchio/fwd.hpp:23\x1b[m\x1b[K,\n'}
[1.145752] (cpp_pubsub) StderrLine: {'line': b'                 from \x1b[01m\x1b[K/home/yurs/ros2_ws/src/cpp_pubsub/src/publisher_member_function.cpp:14\x1b[m\x1b[K:\n'}
[1.145802] (cpp_pubsub) StderrLine: {'line': b'\x1b[01m\x1b[K/opt/ros/humble/include/pinocchio/utils/cast.hpp:8:10:\x1b[m\x1b[K \x1b[01;31m\x1b[Kfatal error: \x1b[m\x1b[KEigen/Core: No such file or directory\n'}
[1.145843] (cpp_pubsub) StderrLine: {'line': b'    8 | #include \x1b[01;31m\x1b[K<Eigen/Core>\x1b[m\x1b[K\n'}
[1.145881] (cpp_pubsub) StderrLine: {'line': b'      |          \x1b[01;31m\x1b[K^~~~~~~~~~~~\x1b[m\x1b[K\n'}
[1.145918] (cpp_pubsub) StderrLine: {'line': b'compilation terminated.\n'}
[1.146215] (cpp_pubsub) StderrLine: {'line': b'gmake[2]: *** [CMakeFiles/talker.dir/build.make:76: CMakeFiles/talker.dir/src/publisher_member_function.cpp.o] Error 1\n'}
[1.146358] (cpp_pubsub) StderrLine: {'line': b'gmake[1]: *** [CMakeFiles/Makefile2:139: CMakeFiles/talker.dir/all] Error 2\n'}
[1.146474] (cpp_pubsub) StderrLine: {'line': b'gmake: *** [Makefile:146: all] Error 2\n'}
[1.148343] (cpp_pubsub) CommandEnded: {'returncode': 2}
[1.196678] (cpp_pubsub) JobEnded: {'identifier': 'cpp_pubsub', 'rc': 2}
[1.201750] (-) TimerEvent: {}
[1.207191] (-) EventReactorShutdown: {}
