In file included from [01m[K/opt/ros/humble/include/pinocchio/fwd.hpp:23[m[K,
                 from [01m[K/home/yurs/ros2_ws/src/cpp_pubsub/src/publisher_member_function.cpp:14[m[K:
[01m[K/opt/ros/humble/include/pinocchio/utils/cast.hpp:8:10:[m[K [01;31m[Kfatal error: [m[KEigen/Core: No such file or directory
    8 | #include [01;31m[K<Eigen/Core>[m[K
      |          [01;31m[K^~~~~~~~~~~~[m[K
compilation terminated.
gmake[2]: *** [CMakeFiles/talker.dir/build.make:76: CMakeFiles/talker.dir/src/publisher_member_function.cpp.o] Error 1
gmake[1]: *** [CMakeFiles/Makefile2:139: CMakeFiles/talker.dir/all] Error 2
gmake: *** [Makefile:146: all] Error 2
