[0.031s] Invoking command in '/home/yurs/ros2_ws/build/cpp_pubsub': CMAKE_PREFIX_PATH=${CMAKE_PREFIX_PATH}:/opt/ros/humble /usr/bin/cmake --build /home/yurs/ros2_ws/build/cpp_pubsub -- -j8 -l8
[0.069s] [ 75%] Built target listener
[0.069s] [ 75%] [32mBuilding CXX object CMakeFiles/talker.dir/src/publisher_member_function.cpp.o[0m
[0.106s] In file included from [01m[K/opt/ros/humble/include/pinocchio/fwd.hpp:23[m[K,
[0.106s]                  from [01m[K/home/yurs/ros2_ws/src/cpp_pubsub/src/publisher_member_function.cpp:14[m[K:
[0.106s] [01m[K/opt/ros/humble/include/pinocchio/utils/cast.hpp:8:10:[m[K [01;31m[Kfatal error: [m[KEigen/Core: No such file or directory
[0.106s]     8 | #include [01;31m[K<Eigen/Core>[m[K
[0.106s]       |          [01;31m[K^~~~~~~~~~~~[m[K
[0.106s] compilation terminated.
[0.107s] gmake[2]: *** [CMakeFiles/talker.dir/build.make:76: CMakeFiles/talker.dir/src/publisher_member_function.cpp.o] Error 1
[0.107s] gmake[1]: *** [CMakeFiles/Makefile2:139: CMakeFiles/talker.dir/all] Error 2
[0.107s] gmake: *** [Makefile:146: all] Error 2
[0.109s] Invoked command in '/home/yurs/ros2_ws/build/cpp_pubsub' returned '2': CMAKE_PREFIX_PATH=${CMAKE_PREFIX_PATH}:/opt/ros/humble /usr/bin/cmake --build /home/yurs/ros2_ws/build/cpp_pubsub -- -j8 -l8
